<?xml version="1.0" encoding="UTF-8"?>
<testsuite xmlns:xsi="http://www.w3.org/2001/XMLSchema-instance" xsi:noNamespaceSchemaLocation="https://maven.apache.org/surefire/maven-surefire-plugin/xsd/surefire-test-report-3.0.xsd" version="3.0" name="com.example.educationmanagementsystem.EducationManagementSystemApplicationTests" time="5.358" tests="1" errors="0" skipped="0" failures="0">
  <properties>
[...]
</properties>
  <testcase name="contextLoads" classname="com.example.educationmanagementsystem.EducationManagementSystemApplicationTests" time="0.906">
    <system-out><![CDATA[18:05:13.743 [main] INFO org.springframework.test.context.support.AnnotationConfigContextLoaderUtils -- Could not detect default configuration classes for test class [com.example.educationmanagementsystem.EducationManagementSystemApplicationTests]: EducationManagementSystemApplicationTests does not declare any static, non-private, non-final, nested classes annotated with @Configuration.
18:05:13.863 [main] INFO org.springframework.boot.test.context.SpringBootTestContextBootstrapper -- Found @SpringBootConfiguration com.example.educationmanagementsystem.EducationManagementSystemApplication for test class com.example.educationmanagementsystem.EducationManagementSystemApplicationTests

  .   ____          _            __ _ _
 /\\ / ___'_ __ _ _(_)_ __  __ _ \ \ \ \
( ( )\___ | '_ | '_| | '_ \/ _` | \ \ \ \
 \\/  ___)| |_)| | | | | || (_| |  ) ) ) )
  '  |____| .__|_| |_|_| |_\__, | / / / /
 =========|_|==============|___/=/_/_/_/

 :: Spring Boot ::                (v3.3.1)

2024-11-22T18:05:14.392+08:00  INFO 62888 --- [EducationManagementSystem] [           main] ducationManagementSystemApplicationTests : Starting EducationManagementSystemApplicationTests using Java 23.0.1 with PID 62888 (started by JAM in C:\Users\JAM\IdeaProjects\EducationManagementSystem)
2024-11-22T18:05:14.393+08:00  INFO 62888 --- [EducationManagementSystem] [           main] ducationManagementSystemApplicationTests : No active profile set, falling back to 1 default profile: "default"
2024-11-22T18:05:15.624+08:00  INFO 62888 --- [EducationManagementSystem] [           main] c.g.y.a.MybatisPlusJoinAutoConfiguration : MPJ SqlSessionFactory bean definition: sqlSessionFactory factoryBeanName: com.baomidou.mybatisplus.autoconfigure.MybatisPlusAutoConfiguration factoryMethodName: sqlSessionFactory source: com.baomidou.mybatisplus.autoconfigure.MybatisPlusAutoConfiguration.sqlSessionFactory(javax.sql.DataSource)
2024-11-22T18:05:15.755+08:00  INFO 62888 --- [EducationManagementSystem] [           main] c.g.y.a.MybatisPlusJoinAutoConfiguration : mybatis plus join properties config complete
2024-11-22T18:05:15.928+08:00  INFO 62888 --- [EducationManagementSystem] [           main] c.g.y.a.MybatisPlusJoinAutoConfiguration : mybatis plus join SqlInjector init
2024-11-22T18:05:16.279+08:00  WARN 62888 --- [EducationManagementSystem] [           main] c.b.m.core.metadata.TableInfoHelper      : Can not find table primary key in Class: "com.example.educationmanagementsystem.domain.Learning".
2024-11-22T18:05:16.279+08:00  WARN 62888 --- [EducationManagementSystem] [           main] c.g.yulichang.injector.MPJSqlInjector    : class com.example.educationmanagementsystem.domain.Learning ,Not found @TableId annotation, Cannot use Mybatis-Plus 'xxById' Method.
2024-11-22T18:05:16.512+08:00  WARN 62888 --- [EducationManagementSystem] [           main] c.b.m.core.metadata.TableInfoHelper      : Can not find table primary key in Class: "com.example.educationmanagementsystem.domain.Teaching".
2024-11-22T18:05:16.512+08:00  WARN 62888 --- [EducationManagementSystem] [           main] c.g.yulichang.injector.MPJSqlInjector    : class com.example.educationmanagementsystem.domain.Teaching ,Not found @TableId annotation, Cannot use Mybatis-Plus 'xxById' Method.
 _ _   |_  _ _|_. ___ _ |    _ 
| | |\/|_)(_| | |_\  |_)||_|_\ 
     /               |         
                        3.5.5 
2024-11-22T18:05:16.771+08:00  INFO 62888 --- [EducationManagementSystem] [           main] r$InitializeUserDetailsManagerConfigurer : Global AuthenticationManager configured with UserDetailsService bean with name customUserDetailsService
 _ _   |_  _ _|_. ___ _ |    _  .  _  .  _  
| | |\/|_)(_| | |_\  |_)||_|_\  | (_) | | | 
     /               |          /
                                    1.5.2
2024-11-22T18:05:17.956+08:00  INFO 62888 --- [EducationManagementSystem] [           main] ducationManagementSystemApplicationTests : Started EducationManagementSystemApplicationTests in 3.902 seconds (process running for 4.937)
]]></system-out>
    <system-err><![CDATA[WARNING: A Java agent has been loaded dynamically (C:\Users\JAM\.m2\repository\net\bytebuddy\byte-buddy-agent\1.14.17\byte-buddy-agent-1.14.17.jar)
WARNING: If a serviceability tool is in use, please run with -XX:+EnableDynamicAgentLoading to hide this warning
WARNING: If a serviceability tool is not in use, please run with -Djdk.instrument.traceUsage for more information
WARNING: Dynamic loading of agents will be disallowed by default in a future release
]]></system-err>
  </testcase>
</testsuite>